20161015-15-57-05 | ItsLoginResult:0, session:{B0AAF45C-03BA-456D-9C21-29DBAAC02107}
16/10/16 08:08:49 | ItsLoginResult: 0, ItsGetDate: 2016/10/16 08:08:31, Cantidad: 1, Data: Array
16/10/16 08:10:04 | ItsLoginResult: 0, ItsGetDate: 2016/10/16 08:10:01, Cantidad: 0, Data: 
16/10/16 08:21:16 | ItsLoginResult: 0, ItsGetDate: 2016/10/16 08:21:12, Cantidad: 0, Data: 
16/10/16 08:24:46 | ItsLoginResult: 0, ItsGetDate: 2016/10/16 08:24:44, Cantidad: 1, Data: Array
16/10/16 08:30:47 | ItsLoginResult: 0, ItsGetDate: 2016/10/16 08:30:44, Cantidad: 1, Data: Array
16/10/16 08:31:10 | ItsLoginResult: 0, ItsGetDate: 2016/10/16 08:31:07, Cantidad: 1, Data: Array
16/10/16 08:31:26 | ItsLoginResult: 0, ItsGetDate: 2016/10/16 08:31:22, Cantidad: 1, Data: Array
16/10/16 08:33:36 | ItsLoginResult: 0, ItsGetDate: 2016/10/16 08:33:31, Cantidad: 1, Data: Array
16/10/16 08:35:22 | ItsLoginResult: 0, ItsGetDate: 2016/10/16 08:35:16, Cantidad: 1, Data: Array
16/10/16 08:36:10 | ItsLoginResult: 0, ItsGetDate: 2016/10/16 08:36:07, Cantidad: 1, Data: Array
16/10/16 08:37:01 | ItsLoginResult: 0, ItsGetDate: 2016/10/16 08:36:57, Cantidad: 1, Data: Array
16/10/16 08:37:16 | ItsLoginResult: 0, ItsGetDate: 2016/10/16 08:37:12, Cantidad: 1, Data: Array
16/10/16 08:38:09 | ItsLoginResult: 0, ItsGetDate: 2016/10/16 08:38:04, Cantidad: 1, Data: Array
16/10/16 08:39:07 | ItsLoginResult: 0, ItsGetDate: 2016/10/16 08:39:03, Cantidad: 1, Data: Array
16/10/16 08:39:16 | ItsLoginResult: 0, ItsGetDate: 2016/10/16 08:39:13, Cantidad: 1, Data: Array
16/10/16 08:39:22 | ItsLoginResult: 0, ItsGetDate: 2016/10/16 08:39:20, Cantidad: 0, Data: 
16/10/16 08:39:29 | ItsLoginResult: 0, ItsGetDate: 2016/10/16 08:39:26, Cantidad: 0, Data: 
16/10/16 08:40:55 | ItsLoginResult: 0, ItsGetDate: 2016/10/16 08:40:49, Cantidad: 0, Data: 
16/10/16 08:41:26 | ItsLoginResult: 0, ItsGetDate: 2016/10/16 08:41:24, Cantidad: 0, Data: 
16/10/16 08:41:40 | ItsLoginResult: 0, ItsGetDate: 2016/10/16 08:41:37, Cantidad: 1, Data: Array
16/10/16 08:42:43 | ItsLoginResult: 0, ItsGetDate: 2016/10/16 08:42:37, Cantidad: 1, Data: Array
16/10/16 08:33:01 | ItsLoginResult:0, session:{38982ECA-35F1-445C-8432-31F5EFA45130}
16/10/16 08:46:32 | ItsLoginResult: 0, ItsGetDate: 2016/10/16 08:46:28, Cantidad: 1, Data: Array
16/10/16 08:46:40 | ItsLoginResult: 0, ItsGetDate: 2016/10/16 08:46:37, Cantidad: 1, Data: Array
16/10/16 08:47:05 | ItsLoginResult: 0, ItsGetDate: 2016/10/16 08:47:02, Cantidad: 1, Data: Array
16/10/16 08:47:42 | ItsLoginResult: 0, ItsGetDate: 2016/10/16 08:47:39, Cantidad: 1, Data: Array
16/10/16 08:48:18 | ItsLoginResult: 0, ItsGetDate: 2016/10/16 08:48:15, Cantidad: 0, Data: 
16/10/16 08:50:36 | ItsLoginResult:0, session:{34F1C006-CBB6-4652-9132-D57EFB11F5F3}
16/10/16 09:04:55 | ItsLoginResult: 0, ItsGetDate: 2016/10/16 09:04:52, Cantidad: 0, Data: 
16/10/16 16:53:57 | ItsLoginResult:0, session:{D7D8B134-3D20-4EC6-A9AE-AEA926B6DB4E}
16/10/16 17:04:27 | ItsLoginResult: 0, ItsGetDate: 2016/10/16 17:04:24, Cantidad: 0, Data: 
16/10/16 17:04:37 | ItsLoginResult: 0, ItsGetDate: 2016/10/16 17:04:34, Cantidad: 0, Data: 
16/10/16 16:51:37 | ItsLoginResult:0, session:{598D7CBF-D587-451F-AD0F-AEAAADD54C2A}
16/10/16 19:44:28 | ItsLoginResult: 0, ItsGetDate: 2016/10/16 19:44:24, Cantidad: 0, Data: 
16/10/16 19:53:59 | ItsLoginResult:0, session:{B93A3646-4928-46FE-9D03-90F40BAF54E2}
16/10/16 19:42:35 | ItsLoginResult: 0, ItsGetDate: 2016/10/16 19:42:32, Cantidad: 0, Data: 
16/10/16 20:21:05 | ItsLoginResult: 0, ItsGetDate: 2016/10/16 20:21:01, Cantidad: 0, Data: 
16/10/16 22:20:49 | ItsLoginResult: 0, ItsGetDate: 2016/10/16 22:20:44, Cantidad: 1, Data: Array
16/10/16 22:34:01 | ItsLoginResult: 0, ItsGetDate: 2016/10/16 22:33:58, Cantidad: 1, Data: Array
16/10/16 22:38:54 | ItsLoginResult: 0, ItsGetDate: 2016/10/16 22:38:44, Cantidad: 1, Data: Array
16/10/16 22:39:46 | ItsLoginResult: 0, ItsGetDate: 2016/10/16 22:39:42, Cantidad: 1, Data: Array
16/10/16 22:42:58 | ItsLoginResult: 0, ItsGetDate: 2016/10/16 22:42:51, Cantidad: 1, Data: Array
16/10/16 22:48:49 | ItsLoginResult:0, session:{BA295748-13CD-4B97-BB54-83546AB9C9D0}
16/10/16 22:49:13 | ItsLoginResult: 0, ItsGetDate: 2016/10/16 22:49:10, Cantidad: 1, Data: Array
16/10/16 22:51:18 | ItsLoginResult: 0, ItsGetDate: 2016/10/16 22:51:15, Cantidad: 1, Data: Array
16/10/16 22:52:33 | ItsLoginResult: 0, ItsGetDate: 2016/10/16 22:52:30, Cantidad: 1, Data: Array
17/10/16 00:29:00 | ItsLoginResult: 0, ItsGetDate: 2016/10/17 00:28:54, Cantidad: 1, Data: Array
17/10/16 00:29:39 | ItsLoginResult: 0, ItsGetDate: 2016/10/17 00:29:34, Cantidad: 1, Data: Array
17/10/16 09:55:58 | ItsLoginResult:0, session:{6703561A-D430-48F3-95A1-A3FEA44BBAC9}
17/10/16 09:56:27 | ItsLoginResult: 0, ItsGetDate: 2016/10/17 09:56:21, Cantidad: 1, Data: Array
17/10/16 10:06:16 | ItsLoginResult: 0, ItsGetDate: 2016/10/17 10:06:12, Cantidad: 1, Data: Array
17/10/16 10:11:49 | ItsLoginResult:0, session:{1A20D958-5C4D-4EF5-8EBD-A5E289F2ADD1}
17/10/16 10:12:23 | ItsLoginResult: 0, ItsGetDate: 2016/10/17 10:12:19, Cantidad: 1, Data: Array
17/10/16 12:26:09 | ItsLoginResult: 0, ItsGetDate: 2016/10/17 12:26:05, Cantidad: 0, Data: 
20/10/16 16:46:59 | ItsLoginResult:0, session:{210EBC6C-07C8-41B7-A393-13583DDB8E29}
24/01/17 14:06:40 | ItsLoginResult:0, session:{FCEFA40A-FBB7-428C-90E7-471B50DEB6DF}
