09/10/16 02:32:24 | SMTP connect() failed. https://github.com/PHPMailer/PHPMailer/wiki/Troubleshooting
09/10/16 02:33:17 | El artículo ya fue informado por la aplicación
09/10/16 02:20:26 | El artículo ya fue informado por la aplicación
09/10/16 02:20:38 | El artículo ya fue informado por la aplicación
09/10/16 10:49:03 | El artículo ya fue informado por la aplicación
09/10/16 10:49:22 | El artículo ya fue informado por la aplicación
09/10/16 10:59:12 | SMTP connect() failed. https://github.com/PHPMailer/PHPMailer/wiki/Troubleshooting
09/10/16 11:55:45 | SMTP connect() failed. https://github.com/PHPMailer/PHPMailer/wiki/Troubleshooting
09/10/16 22:20:55 | SMTP connect() failed. https://github.com/PHPMailer/PHPMailer/wiki/Troubleshooting
09/10/16 22:34:26 | SMTP connect() failed. https://github.com/PHPMailer/PHPMailer/wiki/Troubleshooting
09/10/16 22:52:48 | SMTP connect() failed. https://github.com/PHPMailer/PHPMailer/wiki/Troubleshooting
11/10/16 09:56:31 | SMTP connect() failed. https://github.com/PHPMailer/PHPMailer/wiki/Troubleshooting
11/10/16 10:17:18 | Error al cargar código de C:\Users\ADMINI~1\AppData\Local\Temp\ITSCLIENT28\Win2008ITSLM\LM_10_09_14\administrador\ERP_MIG_PED AGREGAR.ics
Cannot open file "C:\Users\ADMINI~1\AppData\Local\Temp\ITSCLIENT28\Win2008ITSLM\LM_10_09_14\administrador\ERP_MIG_PED AGREGAR.ics". El proceso no tiene acceso al archivo porque está siendo utilizado por otro proceso
11/10/16 10:18:57 | El artículo ya fue informado por la aplicación
11/10/16 10:19:06 | El artículo ya fue informado por la aplicación
11/10/16 10:21:57 | El artículo ya fue informado por la aplicación
11/10/16 10:23:11 | El artículo ya fue informado por la aplicación
11/10/16 10:25:33 | El artículo ya fue informado por la aplicación
11/10/16 10:25:54 | El artículo ya fue informado por la aplicación
11/10/16 10:33:03 | SMTP connect() failed. https://github.com/PHPMailer/PHPMailer/wiki/Troubleshooting
11/10/16 15:56:02 | El artículo ya fue informado por la aplicación
11/10/16 15:56:34 | El artículo ya fue informado por la aplicación
11/10/16 17:16:08 | El artículo ya fue informado por la aplicación
11/10/16 17:19:59 | Cannot open file "C:\Users\ADMINI~1\AppData\Local\Temp\ITSCLIENT28\Win2008ITSLM\LM_10_09_14\administrador\ITSDS_ITRIS_ATTRIBUTES.ids". El proceso no tiene acceso al archivo porque está siendo utilizado por otro proceso
12/10/16 17:28:11 | Cannot open file "C:\Users\ADMINI~1\AppData\Local\Temp\ITSCLIENT28\Win2008ITSLM\LM_10_09_14\administrador\ITSDS_ITRIS_LOGCACHED.ids". El proceso no tiene acceso al archivo porque está siendo utilizado por otro proceso
12/10/16 17:28:14 | Cannot open file "C:\Users\ADMINI~1\AppData\Local\Temp\ITSCLIENT28\Win2008ITSLM\LM_10_09_14\administrador\ITSDS_ITRIS_GRO_CLA.ids". El proceso no tiene acceso al archivo porque está siendo utilizado por otro proceso
12/10/16 17:28:14 | Cannot open file "C:\Users\ADMINI~1\AppData\Local\Temp\ITSCLIENT28\Win2008ITSLM\LM_10_09_14\administrador\ITSDS_ITRIS_GRO_CLA.ids". El proceso no tiene acceso al archivo porque está siendo utilizado por otro proceso
12/10/16 17:28:14 | Cannot open file "C:\Users\ADMINI~1\AppData\Local\Temp\ITSCLIENT28\Win2008ITSLM\LM_10_09_14\administrador\ITSDS_ITRIS_ATTRIBUTES.ids". El proceso no tiene acceso al archivo porque está siendo utilizado por otro proceso
12/10/16 17:28:21 | Cannot open file "C:\Users\ADMINI~1\AppData\Local\Temp\ITSCLIENT28\Win2008ITSLM\LM_10_09_14\administrador\ITSDS_ITRIS_ATTRIBUTES.ids". El proceso no tiene acceso al archivo porque está siendo utilizado por otro proceso
12/10/16 17:28:21 | Cannot open file "C:\Users\ADMINI~1\AppData\Local\Temp\ITSCLIENT28\Win2008ITSLM\LM_10_09_14\administrador\ITSDS_ITRIS_ATTRIBUTES.ids". El proceso no tiene acceso al archivo porque está siendo utilizado por otro proceso
12/10/16 17:28:23 | Cannot open file "C:\Users\ADMINI~1\AppData\Local\Temp\ITSCLIENT28\Win2008ITSLM\LM_10_09_14\administrador\ITSDS_ITRIS_ATTRIBUTES.ids". El proceso no tiene acceso al archivo porque está siendo utilizado por otro proceso
12/10/16 17:28:23 | Cannot open file "C:\Users\ADMINI~1\AppData\Local\Temp\ITSCLIENT28\Win2008ITSLM\LM_10_09_14\administrador\ITSDS_ITRIS_ATTRIBUTES.ids". El proceso no tiene acceso al archivo porque está siendo utilizado por otro proceso
12/10/16 17:28:25 | Cannot open file "C:\Users\ADMINI~1\AppData\Local\Temp\ITSCLIENT28\Win2008ITSLM\LM_10_09_14\administrador\ITSDS_ITRIS_GRO_ATT.ids". El proceso no tiene acceso al archivo porque está siendo utilizado por otro proceso
12/10/16 17:28:25 | Cannot open file "C:\Users\ADMINI~1\AppData\Local\Temp\ITSCLIENT28\Win2008ITSLM\LM_10_09_14\administrador\ITSDS_ITRIS_ATTRIBUTES.ids". El proceso no tiene acceso al archivo porque está siendo utilizado por otro proceso
12/10/16 17:28:27 | Cannot open file "C:\Users\ADMINI~1\AppData\Local\Temp\ITSCLIENT28\Win2008ITSLM\LM_10_09_14\administrador\ITSDS_ITRIS_GRO_CLA.ids". El proceso no tiene acceso al archivo porque está siendo utilizado por otro proceso
12/10/16 17:28:28 | Cannot open file "C:\Users\ADMINI~1\AppData\Local\Temp\ITSCLIENT28\Win2008ITSLM\LM_10_09_14\administrador\ITSDS_ITRIS_ATTRIBUTES.ids". El proceso no tiene acceso al archivo porque está siendo utilizado por otro proceso
12/10/16 17:28:29 | Cannot open file "C:\Users\ADMINI~1\AppData\Local\Temp\ITSCLIENT28\Win2008ITSLM\LM_10_09_14\administrador\ITSDS_ITRIS_ATTRIBUTES.ids". El proceso no tiene acceso al archivo porque está siendo utilizado por otro proceso
12/10/16 17:28:29 | Cannot open file "C:\Users\ADMINI~1\AppData\Local\Temp\ITSCLIENT28\Win2008ITSLM\LM_10_09_14\administrador\ITSDS_ITRIS_ATTRIBUTES.ids". El proceso no tiene acceso al archivo porque está siendo utilizado por otro proceso
12/10/16 17:28:31 | Cannot open file "C:\Users\ADMINI~1\AppData\Local\Temp\ITSCLIENT28\Win2008ITSLM\LM_10_09_14\administrador\ITSDS_ITRIS_GRO_CLA.ids". El proceso no tiene acceso al archivo porque está siendo utilizado por otro proceso
12/10/16 17:28:32 | Cannot open file "C:\Users\ADMINI~1\AppData\Local\Temp\ITSCLIENT28\Win2008ITSLM\LM_10_09_14\administrador\ITSDS_ITRIS_ATTRIBUTES.ids". El proceso no tiene acceso al archivo porque está siendo utilizado por otro proceso
12/10/16 17:28:33 | Cannot open file "C:\Users\ADMINI~1\AppData\Local\Temp\ITSCLIENT28\Win2008ITSLM\LM_10_09_14\administrador\ITSDS_ITRIS_ATTRIBUTES.ids". El proceso no tiene acceso al archivo porque está siendo utilizado por otro proceso
12/10/16 17:28:33 | Cannot open file "C:\Users\ADMINI~1\AppData\Local\Temp\ITSCLIENT28\Win2008ITSLM\LM_10_09_14\administrador\ITSDS_ITRIS_ATTRIBUTES.ids". El proceso no tiene acceso al archivo porque está siendo utilizado por otro proceso
12/10/16 17:28:35 | Cannot open file "C:\Users\ADMINI~1\AppData\Local\Temp\ITSCLIENT28\Win2008ITSLM\LM_10_09_14\administrador\ITSDS_ITRIS_ATTRIBUTES.ids". El proceso no tiene acceso al archivo porque está siendo utilizado por otro proceso
12/10/16 17:29:58 | Cannot open file "C:\Users\ADMINI~1\AppData\Local\Temp\ITSCLIENT28\Win2008ITSLM\LM_10_09_14\administrador\ITSDS_ITRIS_ATTRIBUTES.ids". El proceso no tiene acceso al archivo porque está siendo utilizado por otro proceso
12/10/16 17:29:58 | Cannot open file "C:\Users\ADMINI~1\AppData\Local\Temp\ITSCLIENT28\Win2008ITSLM\LM_10_09_14\administrador\ITSDS_ITRIS_GRO_CLA.ids". El proceso no tiene acceso al archivo porque está siendo utilizado por otro proceso
12/10/16 17:29:59 | Cannot open file "C:\Users\ADMINI~1\AppData\Local\Temp\ITSCLIENT28\Win2008ITSLM\LM_10_09_14\administrador\ITSDS_ITRIS_ATTRIBUTES.ids". El proceso no tiene acceso al archivo porque está siendo utilizado por otro proceso
12/10/16 17:30:01 | Cannot open file "C:\Users\ADMINI~1\AppData\Local\Temp\ITSCLIENT28\Win2008ITSLM\LM_10_09_14\administrador\ITSDS_ITRIS_ATTRIBUTES.ids". El proceso no tiene acceso al archivo porque está siendo utilizado por otro proceso
12/10/16 23:50:57 | Cannot open file "C:\Users\ADMINI~1\AppData\Local\Temp\ITSCLIENT28\Win2008ITSLM\LM_10_09_14\administrador\ITSDS_ITRIS_LOGCACHED.ids". El proceso no tiene acceso al archivo porque está siendo utilizado por otro proceso
12/10/16 23:51:05 | Cannot open file "C:\Users\ADMINI~1\AppData\Local\Temp\ITSCLIENT28\Win2008ITSLM\LM_10_09_14\administrador\ITSDS_ITRIS_ATTRIBUTES.ids". El proceso no tiene acceso al archivo porque está siendo utilizado por otro proceso
12/10/16 23:51:05 | Cannot open file "C:\Users\ADMINI~1\AppData\Local\Temp\ITSCLIENT28\Win2008ITSLM\LM_10_09_14\administrador\ITSDS_ITRIS_LOGCACHED.ids". El proceso no tiene acceso al archivo porque está siendo utilizado por otro proceso
12/10/16 23:51:06 | Cannot open file "C:\Users\ADMINI~1\AppData\Local\Temp\ITSCLIENT28\Win2008ITSLM\LM_10_09_14\administrador\ITSDS_ITRIS_ATTRIBUTES.ids". El proceso no tiene acceso al archivo porque está siendo utilizado por otro proceso
12/10/16 23:51:07 | Cannot open file "C:\Users\ADMINI~1\AppData\Local\Temp\ITSCLIENT28\Win2008ITSLM\LM_10_09_14\administrador\ITSDS_ITRIS_ATTRIBUTES.ids". El proceso no tiene acceso al archivo porque está siendo utilizado por otro proceso
13/10/16 10:49:12 | El artículo ya fue informado por la aplicación
13/10/16 10:54:18 | SMTP connect() failed. https://github.com/PHPMailer/PHPMailer/wiki/Troubleshooting
13/10/16 10:55:46 | You must provide at least one recipient email address.
13/10/16 10:56:58 | You must provide at least one recipient email address.
13/10/16 10:57:03 | You must provide at least one recipient email address.
13/10/16 10:57:07 | You must provide at least one recipient email address.
13/10/16 10:57:12 | You must provide at least one recipient email address.
13/10/16 15:52:18 | Cannot open file "C:\Users\ADMINI~1\AppData\Local\Temp\ITSCLIENT28\Win2008ITSLM\LM_10_09_14\administrador\ITSDS_ITRIS_ATTRIBUTES.ids". El proceso no tiene acceso al archivo porque está siendo utilizado por otro proceso
13/10/16 15:52:19 | Cannot open file "C:\Users\ADMINI~1\AppData\Local\Temp\ITSCLIENT28\Win2008ITSLM\LM_10_09_14\administrador\ITSDS_ITRIS_ATTRIBUTES.ids". El proceso no tiene acceso al archivo porque está siendo utilizado por otro proceso
13/10/16 15:57:47 | Cannot open file "C:\Users\ADMINI~1\AppData\Local\Temp\ITSCLIENT28\Win2008ITSLM\LM_10_09_14\administrador\ITSDS_ITRIS_ATTRIBUTES.ids". El proceso no tiene acceso al archivo porque está siendo utilizado por otro proceso
17/10/16 12:14:19 | Violación de acceso a la dirección 00D268AE en el módulo "ItsCliSvr.exe". Leer de dirección 00000008
09/02/17 15:33:47 | No se pudo conectar al servidor 
09/02/17 15:33:47 | ATENCION !:
No se pudo escribir en el directorio C:\Users\ADMINI~1\AppData\Local\Temp\ITSCLIENT28\Win2008ITSLM\LM_10_09_14\administrador\, verifique que el usuario de Windows tenga permisos de escritura. 
Puede utilizar el sistema pero este operara en forma mas lenta.
09/02/17 15:33:47 | Cannot open file "C:\Users\ADMINI~1\AppData\Local\Temp\ITSCLIENT28\Win2008ITSLM\LM_10_09_14\administrador\ITSDS_ITRIS_LOGCACHED.ids". El proceso no tiene acceso al archivo porque está siendo utilizado por otro proceso
22/02/17 13:54:05 | SMTP connect() failed. https://github.com/PHPMailer/PHPMailer/wiki/Troubleshooting
25/02/17 20:19:56 | El artículo ya fue informado por la aplicación
25/02/17 20:21:17 | SMTP connect() failed. https://github.com/PHPMailer/PHPMailer/wiki/Troubleshooting
28/02/17 23:38:55 | El artículo ya fue informado por la aplicación
28/02/17 23:40:30 | SMTP connect() failed. https://github.com/PHPMailer/PHPMailer/wiki/Troubleshooting
04/03/17 02:58:38 | No se pudo conectar al servidor Win2008ITSLM
04/03/17 02:58:45 | No se pudo conectar al servidor Win2008ITSLM
04/03/17 02:59:16 | SMTP connect() failed. https://github.com/PHPMailer/PHPMailer/wiki/Troubleshooting
04/03/17 02:59:21 | No se pudo conectar al servidor Win2008ITSLM
04/03/17 02:59:36 | No se pudo conectar al servidor Win2008ITSLM
04/03/17 02:59:42 | No se pudo conectar al servidor Win2008ITSLM
07/03/17 05:44:34 | No se pudo conectar al servidor Win2008ITSLM
07/03/17 05:44:44 | No se pudo conectar al servidor Win2008ITSLM
07/03/17 05:45:15 | SMTP connect() failed. https://github.com/PHPMailer/PHPMailer/wiki/Troubleshooting
07/03/17 05:45:28 | No se pudo conectar al servidor Win2008ITSLM
07/03/17 05:45:34 | No se pudo conectar al servidor Win2008ITSLM
07/03/17 05:46:10 | No se pudo conectar al servidor Win2008ITSLM
28/04/17 22:48:58 | SMTP connect() failed. https://github.com/PHPMailer/PHPMailer/wiki/Troubleshooting
28/04/17 22:49:04 | El artículo ya fue informado por la aplicación
29/04/17 04:29:49 | El artículo ya fue informado por la aplicación
25/05/17 22:44:15 | No se pudo acceder a ITS_LOGINUSR
([DBNETLIB][ConnectionWrite (send()).]Error general de red. Consulte la documentación de la red)
