11/10/16 09:49:52 | ItsLoginResult:0, session:{97B91268-D304-47B3-A3D9-05769E7CC306}
11/10/16 09:50:25 | ItsLoginResult:0, session:{4B227C74-E734-490D-9DE9-F356AE3BB816}
11/10/16 09:50:39 | ItsLoginResult:0, session:{BC8BFF6D-7FD2-494F-A3EF-3CB6B66A2F73}
11/10/16 09:50:48 | ItsLoginResult:0, session:{A742F976-6A1A-4C43-8335-2993819EE839}
11/10/16 09:51:12 | ItsLoginResult:0, session:{2C91363A-144D-4A7E-A438-45698DBFFFB3}
11/10/16 10:06:19 | ItsLoginResult:0, session:{1ADE39E3-AA2F-4BAF-AB0D-386E505F9D12}
11/10/16 10:09:36 | ItsLoginResult:0, session:{425A185A-67AB-445D-AB12-6EEB861CF59F}
11/10/16 09:56:39 | ItsLoginResult:0, session:{9ABDCA3A-AE97-4712-8AD6-8DC87C1B9893}
11/10/16 09:56:51 | ItsLoginResult:0, session:{1F240EC7-93CC-4514-A2F6-90A9656F419E}
11/10/16 09:57:20 | ItsLoginResult:0, session:{24C18E6F-F6A0-4817-A62B-2B269149421C}
11/10/16 09:57:22 | ItsLoginResult:0, session:{5E064F5F-8DDB-4B27-A97B-2A0722A48E76}
11/10/16 10:13:35 | ItsLoginResult:0, ItsGetDate:2016/10/11 10:13:28, Cantidad:40
11/10/16 10:21:46 | ItsLoginResult:0, ItsGetDate:2016/10/11 10:21:38, Cantidad:40
11/10/16 11:31:10 | ItsLoginResult:0, ItsGetDate:2016/10/11 11:31:06, Cantidad:40
11/10/16 11:32:15 | ItsLoginResult:0, ItsGetDate:2016/10/11 11:32:12, Cantidad:40
11/10/16 11:32:34 | ItsLoginResult:0, ItsGetDate:2016/10/11 11:32:30, Cantidad:40
11/10/16 11:51:22 | ItsLoginResult:0, ItsGetDate:2016/10/11 11:51:17, Cantidad:40
11/10/16 11:51:47 | ItsLoginResult:0, ItsGetDate:2016/10/11 11:51:43, Cantidad:40
11/10/16 11:39:11 | ItsLoginResult:0, ItsGetDate:2016/10/11 11:39:07, Cantidad:40
11/10/16 12:04:28 | ItsLoginResult:0, ItsGetDate:2016/10/11 12:04:25, Cantidad:40
11/10/16 12:05:16 | ItsLoginResult:0, ItsGetDate:2016/10/11 12:05:12, Cantidad:40
11/10/16 12:05:33 | ItsLoginResult:0, ItsGetDate:2016/10/11 12:05:29, Cantidad:40
11/10/16 12:05:45 | ItsLoginResult:0, ItsGetDate:2016/10/11 12:05:43, Cantidad:40
11/10/16 12:08:14 | ItsLoginResult:0, ItsGetDate:2016/10/11 12:08:11, Cantidad:40
13/10/16 10:23:59 | ItsLoginResult:0, ItsGetDate:2016/10/13 10:23:50, Cantidad:40
13/10/16 10:26:27 | ItsLoginResult:0, ItsGetDate:2016/10/13 10:26:24, Cantidad:40
22/02/17 13:52:27 | ItsLoginResult:0, session:{D317DB37-19FB-4E97-B38E-FECFFCDE4AE3}
22/02/17 13:54:29 | ItsLoginResult:, session:
22/02/17 13:54:38 | ItsLoginResult:0, ItsGetDate:2017/02/22 13:54:33, Cantidad:40
25/02/17 20:18:59 | ItsLoginResult:0, session:{1F188D1C-8AA3-4CE6-A1F4-56105B83282F}
25/02/17 20:20:06 | ItsLoginResult:0, ItsGetDate:2017/02/25 20:20:01, Cantidad:40
25/02/17 20:20:27 | ItsLoginResult:, session:
28/02/17 23:37:11 | ItsLoginResult:0, session:{BBD1BD65-B88D-469D-8957-671D94A135D4}
28/02/17 23:37:41 | ItsLoginResult:0, ItsGetDate:2017/02/28 23:37:36, Cantidad:40
01/03/17 01:44:45 | ItsLoginResult:, session:
04/03/17 03:00:03 | ItsLoginResult:, session:
07/03/17 05:46:01 | ItsLoginResult:, session:
28/04/17 22:46:42 | ItsLoginResult:0, session:{3AE0CC51-F232-422A-B25A-12F6C7B5CD55}
28/04/17 22:48:30 | ItsLoginResult:0, ItsGetDate:2017/04/28 22:48:26, Cantidad:40
