15/10/16 15:46:38 | status : 200 | http://iserver.itris.com.ar:3000/ITSWS/ItsCliSvrWS.asmx?WSDL
15/10/16 16:03:02 | status : 200 | www.leocon.com
15/10/16 16:03:33 | status : 200 | www.leocon.com
15/10/16 16:03:42 | status : 404 | www.leocodddn.com
15/10/16 16:10:11 | status : 200 | www.google.com.ar
15/10/16 16:11:58 | status : 200 | www.leocondori.com.ar
15/10/16 16:12:55 | status : 200 | www.leocondori.com.ar
15/10/16 16:13:34 | status : 200 | www.leocondori.com.ar
15/10/16 16:18:25 | status : 200 | www.leocondori.com.ar
15/10/16 16:21:42 | status : 200 | www.leocondori.com.ar
15/10/16 16:23:10 | status : 200 | www.leocondori.com.ar
15/10/16 16:26:24 | status : 200 | www.leocondori.com.ar
15/10/16 16:34:57 | status : 200 | www.itris.com.ar
15/10/16 16:37:22 | status : 200 | www.wuiloo.com
15/10/16 17:02:48 | status : 200 | http://itris.no-ip.com:85/ItsWs/ItsCliSvrWS.asmx?WSDL
15/10/16 17:04:28 | status : 200 | http://itris.no-ip.com:3000/ItsWs/ItsCliSvrWS.asmx?WSDL
15/10/16 17:32:49 | status : 200 | www.wuiloo.com
15/10/16 17:34:36 | status : 200 | http://itris.no-ip.com:85/ItsWs/ItsCliSvrWS.asmx?WSDL
16/10/16 08:32:55 | status : 200 | http://iserver.itris.com.ar:3000/ItsWs/ItsCliSvrWS.asmx?WSDL
16/10/16 08:50:46 | status : 200 | http://iserver.itris.com.ar:3000/ItsWs/ItsCliSvrWS.asmx?WSDL
16/10/16 16:54:00 | status : 200 | http://iserver.itris.com.ar:3000/ItsWs/ItsCliSvrWS.asmx?WSDL
16/10/16 19:54:20 | status : 200 | http://iserver.itris.com.ar:3000/ItsWs/ItsCliSvrWS.asmx?WSDL
16/10/16 22:46:07 | status : 200 | http://iserver.itris.com.ar:3000/ItsWs/ItsCliSvrWS.asmx?WSDL
17/10/16 09:55:43 | status : 200 | http://iserver.itris.com.ar:3000/ItsWs/ItsCliSvrWS.asmx?WSDL
17/10/16 10:11:43 | status : 200 | http://iserver.itris.com.ar:3000/ItsWs/ItsCliSvrWS.asmx?WSDL
17/10/16 12:01:53 | status : 200 | http://www.itris.com.ar
17/10/16 12:08:22 | status : 200 | http://www.itris.com.ar
17/10/16 12:10:27 | status : 404 | http://servercentral/itsws/ItsCliSvrWS.asmx?WSDL
17/10/16 12:11:09 | status : 404 | http://servercentral/itsws/ItsCliSvrWS.asmx?WSDL
17/10/16 12:12:12 | status : 404 | http://servercentral/itsWs/ItsCliSvrWS.asmx?WSDL
17/10/16 12:17:52 | status : 200 | http://gmhcentral.dnsalias.com/ItsWs/ItsCliSvrWS.asmx?WSDL
17/10/16 12:18:30 | status : 200 | http://gmhcentral.dnsalias.com/itsWs/ItsCliSvrWS.asumo?WSDL
17/10/16 12:25:39 | status : 200 | http://gmhcentral.dnsalias.com/ItsWs/ItsCliSvrWS.asmx?WSDL
17/10/16 12:35:37 | status : 200 | http://gmhcentral.dnsalias.com/itsWs/ItsCliSvrWS.asumo?WSDL
17/10/16 12:40:37 | status : 200 | http://gmhcentral.dnsalias.com/ItsWs/ItsCliSvrWS.asmx?WSDL
17/10/16 12:40:40 | status : 200 | http://gmhcentral.dnsalias.com/itsWs/ItsCliSvrWS.asumo?WSDL
17/10/16 12:43:25 | status : 200 | http://gmhcentral.dnsalias.com/ItsWs/ItsCliSvrWS.asmx?WSDL
17/10/16 17:50:24 | status : 200 | http://gmhcentral.dnsalias.com/ItsWs/ItsCliSvrWS.asmx?WSDL
17/10/16 17:50:39 | status : 200 | http://gmhcentral.dnsalias.com/itsWs/ItsCliSvrWS.asmx?WSDL
17/10/16 18:05:14 | status : 200 | http://gmhcentral.dnsalias.com/ItsWs/ItsCliSvrWS.asmx?WSDL
17/10/16 18:11:35 | status : 200 | http://gmhcentral.dnsalias.com/ItsWs/ItsCliSvrWS.asmx?WSDL
18/10/16 10:36:15 | status : 200 | http://gmhcentral.dnsalias.com/ItsWs/ItsCliSvrWS.asmx?WSDL
18/10/16 14:40:43 | status : 200 | http://gmhcentral.dnsalias.com/ItsWs/ItsCliSvrWS.asmx?WSDL
18/10/16 14:43:51 | status : 200 | http://gmhcentral.dnsalias.com/ItsWs/ItsCliSvrWS.asmx?WSDL
18/10/16 21:11:33 | status : 200 | http://gmhcentral.dnsalias.com/itsWs/ItsCliSvrWS.asmx?WSDL
20/10/16 16:45:10 | status : 200 | http://www.itris.com.ar
20/10/16 16:46:51 | status : 200 | http://iserver.itris.com.ar:3000/ItsWs/ItsCliSvrWS.asmx?WSDL
20/10/16 16:47:47 | status : 200 | http://gmhcentral.dnsalias.com/ItsWs/ItsCliSvrWS.asmx?WSDL
24/10/16 09:35:07 | status : 200 | http://gmhcentral.dnsalias.com/itsWs/ItsCliSvrWS.asmx?WSDL
24/10/16 17:59:42 | status : 200 | http://gmhcentral.dnsalias.com/ItsWs/ItsCliSvrWS.asmx?WSDL
24/10/16 18:01:35 | status : 200 | http://gmhcentral.dnsalias.com/ItsWs/ItsCliSvrWS.asmx?WSDL
24/10/16 18:30:07 | status : 200 | http://gmhcentral.dnsalias.com/itsWs/ItsCliSvrWS.asmx?WSDL
25/10/16 11:57:27 | status : 200 | http://gmhcentral.dnsalias.com/itsWs/ItsCliSvrWS.asmx?WSDL
25/10/16 12:14:26 | status : 200 | http://www.itris.com.ar
25/10/16 12:14:59 | status : 200 | http://gmhcentral.dnsalias.com/itsWs/ItsCliSvrWS.asmx?WSDL
25/10/16 12:15:00 | status : 200 | http://gmhcentral.dnsalias.com/itsWs/ItsCliSvrWS.asmx?WSDL
25/10/16 12:15:28 | status : 200 | http://gmhcentral.dnsalias.com/itsWs/ItsCliSvrWS.asmx?WSDL
25/10/16 12:15:35 | status : 200 | http://gmhcentral.dnsalias.com/itsWs/ItsCliSvrWS.asmx?WSDL
25/10/16 12:24:18 | status : 200 | http://gmhcentral.dnsalias.com/itsWs/ItsCliSvrWS.asmx?WSDL
25/10/16 12:36:30 | status : 200 | http://gmhcentral.dnsalias.com/itsWs/ItsCliSvrWS.asmx?WSDL
25/10/16 12:40:39 | status : 200 | http://gmhcentral.dnsalias.com/itsWs/ItsCliSvrWS.asmx?WSDL
25/10/16 12:42:43 | status : 200 | http://gmhcentral.dnsalias.com/itsWs/ItsCliSvrWS.asmx?WSDL
25/10/16 21:09:39 | status : 200 | http://gmhcentral.dnsalias.com/itsWs/ItsCliSvrWS.asmx?WSDL
01/12/16 12:55:36 | status : 200 | gmhcentral.dnsalias.com/ItsWs/ItsCliSvrWS.asmx?WSDL
01/12/16 12:56:20 | status : 200 | http://gmhcentral.dnsalias.com/ItsWs/ItsCliSvrWS.asmx?WSDL
01/12/16 12:57:53 | status : 200 | http://gmhcentral.dnsalias.com/ItsWs/ItsCliSvrWS.asmx?WSDL
01/12/16 13:17:41 | status : 200 | http://gmhcentral.dnsalias.com/ItsWs/ItsCliSvrWS.asmx?WSDL
09/12/16 15:26:26 | status : 200 | http://gmhcentral.dnsalias.com/itsWs/ItsCliSvrWS.asmx?WSDL
09/12/16 15:26:27 | status : 200 | http://gmhcentral.dnsalias.com/itsWs/ItsCliSvrWS.asmx?WSDL
20/12/16 21:43:12 | status : 200 | http://gmhcentral.dnsalias.com/itsWs/ItsCliSvrWS.asmx?WSDL
02/01/17 11:51:54 | status : 200 | http://gmhcentral.dnsalias.com/itsWs/ItsCliSvrWS.asmx?WSDL
02/01/17 11:53:21 | status : 200 | http://gmhcentral.dnsalias.com/itsWs/ItsCliSvrWS.asmx?WSDL
02/01/17 11:57:10 | status : 200 | http://gmhcentral.dnsalias.com/ItsWs/ItsCliSvrWS.asmx?WSDL
24/01/17 13:28:37 | status : 404 | https://iserver.itris.com.ar:6301/ITSWS/ItsCliSvrWS.asmx?WSDL
24/01/17 13:29:08 | status : 200 | http://iserver.itris.com.ar:6301/ITSWS/ItsCliSvrWS.asmx?WSDL
24/01/17 13:45:54 | status : 404 | https://itrisapps.com.ar:6301/ITSWS/ItsCliSvrWS.asmx?WSDL
24/01/17 13:46:21 | status : 404 | https://itrisapps.com.ar:6301/ITSWS/ItsCliSvrWS.asmx?WSDL
24/01/17 13:46:57 | status : 404 | http//iserver.itris.com.ar:6301/ITSWS/ItsCliSvrWS.asmx?WSDL
24/01/17 13:50:04 | status : 404 | http//iserver.itris.com.ar:6301/ITSWS/ItsCliSvrWS.asmx?WSDL
24/01/17 13:54:57 | status : 200 | http://iserver.itris.com.ar:6301/ITSWS/ItsCliSvrWS.asmx?WSDL
24/01/17 14:08:59 | status : 200 | http://iserver.itris.com.ar:6301/ITSWS/ItsCliSvrWS.asmx?WSDL
25/01/17 11:33:21 | status : 200 | http://gmhcentral.dnsalias.com/itsWs/ItsCliSvrWS.asmx?WSDL
25/01/17 11:35:13 | status : 200 | http://gmhcentral.dnsalias.com/itsWs/ItsCliSvrWS.asmx?WSDL
25/01/17 11:36:11 | status : 200 | http://gmhcentral.dnsalias.com/itsWs/ItsCliSvrWS.asmx?WSDL
25/01/17 15:30:07 | status : 404 | https://itrisapps.com.ar:6301/ITSWS/ItsCliSvrWS.asmx?WSDL
25/01/17 15:30:12 | status : 404 | https://itrisapps.com.ar:6301/ITSWS/ItsCliSvrWS.asmx?WSDL
25/01/17 15:30:28 | status : 200 | http://itrisapps.com.ar:6301/ITSWS/ItsCliSvrWS.asmx?WSDL
15/02/17 23:48:28 | status : 200 | http://iserver.itris.com.ar:6301/ITSWS/ItsCliSvrWS.asmx?WSDL
25/04/17 19:49:47 | status : 200 | http://gmhcentral.dnsalias.com/itsWs/ItsCliSvrWS.asmx?WSDL
28/04/17 11:01:30 | status : 200 | http://gmhcentral.dnsalias.com/itsWs/ItsCliSvrWS.asmx?WSDL
28/04/17 12:15:22 | status : 200 | http://gmhcentral.dnsalias.com/itsWs/ItsCliSvrWS.asmx?WSDL
17/05/17 21:07:53 | status : 200 | http://gmhcentral.dnsalias.com/itsWs/ItsCliSvrWS.asmx?WSDL
18/05/17 08:49:57 | status : 200 | http://gmhcentral.dnsalias.com/itsWs/ItsCliSvrWS.asmx?WSDL
