10/10/16 03:43:19 | 
10/10/16 03:43:19 | ItsLoginResult: 0, ItsGetDate: 2016/10/10 03:43:17, Cantidad: 3, Data: Array
10/10/16 04:35:15 | La base de datos  no existe, verifique la existencia de la misma
10/10/16 04:41:12 | El campo 'Cantidad' debe contener un valor
10/10/16 04:41:13 | El campo 'Cantidad' debe contener un valor
10/10/16 04:41:13 | El campo 'Cantidad' debe contener un valor
10/10/16 04:41:14 | El campo 'Cantidad' debe contener un valor
10/10/16 04:41:15 | El campo 'Cantidad' debe contener un valor
10/10/16 04:41:17 | El campo 'Cantidad' debe contener un valor
10/10/16 04:41:23 | El campo 'Cantidad' debe contener un valor
10/10/16 04:41:24 | El campo 'Cantidad' debe contener un valor
10/10/16 04:41:25 | El campo 'Cantidad' debe contener un valor
10/10/16 04:41:26 | El campo 'Cantidad' debe contener un valor
10/10/16 04:41:26 | El campo 'Cantidad' debe contener un valor
10/10/16 04:41:27 | El campo 'Cantidad' debe contener un valor
10/10/16 04:47:33 | El artículo ya fue informado por la aplicación
10/10/16 04:47:34 | El artículo ya fue informado por la aplicación
10/10/16 04:47:35 | El artículo ya fue informado por la aplicación
10/10/16 04:47:35 | El campo 'Cantidad' debe contener un valor
10/10/16 04:34:32 | El campo 'Cantidad' debe contener un valor
10/10/16 04:34:32 | El campo 'Cantidad' debe contener un valor
10/10/16 04:34:33 | El campo 'Cantidad' debe contener un valor
10/10/16 04:34:34 | El campo 'Cantidad' debe contener un valor
10/10/16 04:34:34 | El artículo ya fue informado por la aplicación
10/10/16 04:34:35 | El artículo ya fue informado por la aplicación
10/10/16 04:34:35 | El campo 'Cantidad' debe contener un valor
10/10/16 04:34:36 | El artículo ya fue informado por la aplicación
10/10/16 04:34:37 | El artículo ya fue informado por la aplicación
10/10/16 04:34:38 | El artículo ya fue informado por la aplicación
10/10/16 04:34:38 | El artículo ya fue informado por la aplicación
10/10/16 04:34:39 | El artículo ya fue informado por la aplicación
10/10/16 04:34:40 | El artículo ya fue informado por la aplicación
10/10/16 04:34:40 | El artículo ya fue informado por la aplicación
10/10/16 04:34:41 | El artículo ya fue informado por la aplicación
10/10/16 04:34:42 | El campo 'Cantidad' debe contener un valor
10/10/16 04:34:42 | El campo 'Cantidad' debe contener un valor
10/10/16 04:34:43 | El artículo ya fue informado por la aplicación
10/10/16 04:34:44 | El campo 'Cantidad' debe contener un valor
10/10/16 04:34:44 | El campo 'Cantidad' debe contener un valor
10/10/16 04:34:45 | El campo 'Cantidad' debe contener un valor
10/10/16 04:34:45 | El campo 'Cantidad' debe contener un valor
10/10/16 04:34:46 | El artículo ya fue informado por la aplicación
10/10/16 04:34:47 | El artículo ya fue informado por la aplicación
10/10/16 04:34:48 | El artículo ya fue informado por la aplicación
